<?xml version="1.0" encoding="UTF-8"?>
<!-- Generated by org.testng.reporters.JUnitReportReporter -->
<testsuite name="AlertAware.api.test.GeneralKeys" tests="1" time="2.001" ignored="6" failures="0" timestamp="26 Apr 2021 21:24:37 GMT" skipped="0" hostname="YASUs-MacBook-Pro.local" errors="0">
  <testcase name="returnsAnApiKeyBasedOnASingleID" time="2.001" classname="AlertAware.api.test.GeneralKeys"/>
  <testcase name="loginAsAUserWithValidCredentials" classname="AlertAware.api.test.GeneralKeys">
    <skipped/>
  </testcase> <!-- loginAsAUserWithValidCredentials -->
  <testcase name="updateASpecificApiKeyEntry" classname="AlertAware.api.test.GeneralKeys">
    <skipped/>
  </testcase> <!-- updateASpecificApiKeyEntry -->
  <testcase name="deleteASpecificApiKeyEntry" classname="AlertAware.api.test.GeneralKeys">
    <skipped/>
  </testcase> <!-- deleteASpecificApiKeyEntry -->
  <testcase name="createANewApiKeyEntry" classname="AlertAware.api.test.GeneralKeys">
    <skipped/>
  </testcase> <!-- createANewApiKeyEntry -->
  <testcase name="returnsAnDeletedApiKey" classname="AlertAware.api.test.GeneralKeys">
    <skipped/>
  </testcase> <!-- returnsAnDeletedApiKey -->
  <testcase name="returnsAllApiKeyEntries" classname="AlertAware.api.test.GeneralKeys">
    <skipped/>
  </testcase> <!-- returnsAllApiKeyEntries -->
</testsuite> <!-- AlertAware.api.test.GeneralKeys -->
