<?xml version="1.0" encoding="UTF-8"?>
<!-- Generated by org.testng.reporters.JUnitReportReporter -->
<testsuite name="AlertAware.api.test.Contacts" tests="1" time="2.253" ignored="4" failures="0" timestamp="12 May 2021 19:22:24 GMT" skipped="0" hostname="YASUs-MBP" errors="0">
  <testcase name="deleteASpecificContactEntry" time="2.253" classname="AlertAware.api.test.Contacts"/>
  <testcase name="ReturnsAContactBasedOnSingleUUID" classname="AlertAware.api.test.Contacts">
    <skipped/>
  </testcase> <!-- ReturnsAContactBasedOnSingleUUID -->
  <testcase name="returnAllContactEntries" classname="AlertAware.api.test.Contacts">
    <skipped/>
  </testcase> <!-- returnAllContactEntries -->
  <testcase name="updateASpecificContactEntry" classname="AlertAware.api.test.Contacts">
    <skipped/>
  </testcase> <!-- updateASpecificContactEntry -->
  <testcase name="createANewContactEntry" classname="AlertAware.api.test.Contacts">
    <skipped/>
  </testcase> <!-- createANewContactEntry -->
</testsuite> <!-- AlertAware.api.test.Contacts -->
