<?xml version="1.0" encoding="UTF-8"?>
<!-- Generated by org.testng.reporters.JUnitReportReporter -->
<testsuite name="com.api.test.POSTCallAPI" tests="1" time="4.121" ignored="0" failures="0" timestamp="15 Jan 2020 00:19:17 GMT" skipped="0" hostname="YASUs-MacBook-Pro.local" errors="0">
  <testcase name="createUserWithPOSTTest" time="4.121" classname="com.api.test.POSTCallAPI"/>
</testsuite> <!-- com.api.test.POSTCallAPI -->
