<?xml version="1.0" encoding="UTF-8"?>
<!-- Generated by org.testng.reporters.JUnitReportReporter -->
<testsuite name="com.api.test.DELETECallAPI" tests="1" time="4.054" ignored="0" failures="0" timestamp="23 Apr 2021 21:56:33 GMT" skipped="0" hostname="YASUs-MBP" errors="0">
  <testcase name="deleteUserAPITest" time="4.054" classname="com.api.test.DELETECallAPI"/>
</testsuite> <!-- com.api.test.DELETECallAPI -->
