<?xml version="1.0" encoding="UTF-8"?>
<!-- Generated by org.testng.reporters.JUnitReportReporter -->
<testsuite name="com.api.test.PUTCallAPI" tests="1" time="4.093" ignored="0" failures="0" timestamp="14 Jan 2020 03:47:24 GMT" skipped="0" hostname="YASUs-MacBook-Pro.local" errors="0">
  <testcase name="updateUserWithPUTTest" time="4.093" classname="com.api.test.PUTCallAPI"/>
</testsuite> <!-- com.api.test.PUTCallAPI -->
