<?xml version="1.0" encoding="UTF-8"?>
<!-- Generated by org.testng.reporters.JUnitReportReporter -->
<testsuite name="AlertAware.api.test.Groups" tests="1" time="1.988" ignored="4" failures="0" timestamp="12 May 2021 14:31:08 GMT" skipped="0" hostname="YASUs-MBP" errors="0">
  <testcase name="deleteASpecificGroupEntry" time="1.988" classname="AlertAware.api.test.Groups"/>
  <testcase name="returnAllGroupEntry" classname="AlertAware.api.test.Groups">
    <skipped/>
  </testcase> <!-- returnAllGroupEntry -->
  <testcase name="createANewGroupEntry" classname="AlertAware.api.test.Groups">
    <skipped/>
  </testcase> <!-- createANewGroupEntry -->
  <testcase name="updateASpecificGroupEntry" classname="AlertAware.api.test.Groups">
    <skipped/>
  </testcase> <!-- updateASpecificGroupEntry -->
  <testcase name="ReturnsAGroupBasedOnSingleUUID" classname="AlertAware.api.test.Groups">
    <skipped/>
  </testcase> <!-- ReturnsAGroupBasedOnSingleUUID -->
</testsuite> <!-- AlertAware.api.test.Groups -->
