<?xml version="1.0" encoding="UTF-8"?>
<!-- Generated by org.testng.reporters.JUnitReportReporter -->
<testsuite name="com.api.test.DELETECallAPI" tests="1" time="4.719" ignored="0" failures="0" timestamp="15 Jan 2020 00:39:11 GMT" skipped="0" hostname="YASUs-MacBook-Pro.local" errors="0">
  <testcase name="deleteUserAPITest" time="4.719" classname="com.api.test.DELETECallAPI"/>
</testsuite> <!-- com.api.test.DELETECallAPI -->
