<?xml version="1.0" encoding="UTF-8"?>
<!-- Generated by org.testng.reporters.JUnitReportReporter -->
<testsuite name="com.api.test.GETAPINoBDD" tests="1" time="3.714" ignored="1" failures="0" timestamp="14 Jan 2020 03:40:15 GMT" skipped="0" hostname="YASUs-MacBook-Pro.local" errors="0">
  <testcase name="getUserAPITest" time="3.714" classname="com.api.test.GETAPINoBDD"/>
  <testcase name="getUSerByParamsTest" classname="com.api.test.GETAPINoBDD">
    <skipped/>
  </testcase> <!-- getUSerByParamsTest -->
</testsuite> <!-- com.api.test.GETAPINoBDD -->
