<?xml version="1.0" encoding="UTF-8"?>
<!-- Generated by org.testng.reporters.JUnitReportReporter -->
<testsuite name="com.api.test.SignUp" tests="1" time="2.111" ignored="3" failures="0" timestamp="26 Apr 2021 21:18:30 GMT" skipped="0" hostname="YASUs-MacBook-Pro.local" errors="0">
  <testcase name="deleteASpecificUserEntry" time="2.111" classname="com.api.test.SignUp"/>
  <testcase name="updateASpecificUserEntry" classname="com.api.test.SignUp">
    <skipped/>
  </testcase> <!-- updateASpecificUserEntry -->
  <testcase name="createANewUserEntry" classname="com.api.test.SignUp">
    <skipped/>
  </testcase> <!-- createANewUserEntry -->
  <testcase name="returnAllUserEntries" classname="com.api.test.SignUp">
    <skipped/>
  </testcase> <!-- returnAllUserEntries -->
</testsuite> <!-- com.api.test.SignUp -->
