<?xml version="1.0" encoding="UTF-8"?>
<!-- Generated by org.testng.reporters.JUnitReportReporter -->
<testsuite name="AlertAware.api.test.SignUp" tests="1" time="2.143" ignored="4" failures="0" timestamp="12 May 2021 02:05:41 GMT" skipped="0" hostname="YASUs-MacBook-Pro.local" errors="0">
  <testcase name="createANewUserEntryWithoutAuthentication" time="2.143" classname="AlertAware.api.test.SignUp"/>
  <testcase name="returnAllUserEntries" classname="AlertAware.api.test.SignUp">
    <skipped/>
  </testcase> <!-- returnAllUserEntries -->
  <testcase name="createANewUserEntry" classname="AlertAware.api.test.SignUp">
    <skipped/>
  </testcase> <!-- createANewUserEntry -->
  <testcase name="updateASpecificUserEntry" classname="AlertAware.api.test.SignUp">
    <skipped/>
  </testcase> <!-- updateASpecificUserEntry -->
  <testcase name="deleteASpecificUserEntry" classname="AlertAware.api.test.SignUp">
    <skipped/>
  </testcase> <!-- deleteASpecificUserEntry -->
</testsuite> <!-- AlertAware.api.test.SignUp -->
