<?xml version="1.0" encoding="UTF-8"?>
<!-- Generated by org.testng.reporters.JUnitReportReporter -->
<testsuite name="AlertAware.api.test.SignIn" tests="1" time="2.297" ignored="7" failures="0" timestamp="27 Apr 2021 04:01:32 GMT" skipped="0" hostname="YASUs-MacBook-Pro.local" errors="0">
  <testcase name="verifyTwoFactorAuthWithInvalidCredentials" time="2.297" classname="AlertAware.api.test.SignIn"/>
  <testcase name="logoutCurrentUser" classname="AlertAware.api.test.SignIn">
    <skipped/>
  </testcase> <!-- logoutCurrentUser -->
  <testcase name="loginAsAUserWithValidCredentials" classname="AlertAware.api.test.SignIn">
    <skipped/>
  </testcase> <!-- loginAsAUserWithValidCredentials -->
  <testcase name="get2fa" classname="AlertAware.api.test.SignIn">
    <skipped/>
  </testcase> <!-- get2fa -->
  <testcase name="verifyTwoFactorAuth" classname="AlertAware.api.test.SignIn">
    <skipped/>
  </testcase> <!-- verifyTwoFactorAuth -->
  <testcase name="logoutInvalidUser" classname="AlertAware.api.test.SignIn">
    <skipped/>
  </testcase> <!-- logoutInvalidUser -->
  <testcase name="loginAsAUserWith2fa" classname="AlertAware.api.test.SignIn">
    <skipped/>
  </testcase> <!-- loginAsAUserWith2fa -->
  <testcase name="loginAsAUserWithInValidCredentials" classname="AlertAware.api.test.SignIn">
    <skipped/>
  </testcase> <!-- loginAsAUserWithInValidCredentials -->
</testsuite> <!-- AlertAware.api.test.SignIn -->
