<?xml version="1.0" encoding="UTF-8"?>
<!-- Generated by org.testng.reporters.JUnitReportReporter -->
<testsuite name="com.api.test.GETAPINoBDD" tests="1" time="4.176" ignored="1" failures="0" timestamp="23 Apr 2021 16:19:09 GMT" skipped="0" hostname="YASUs-MBP" errors="0">
  <testcase name="getUserAPITest" time="4.176" classname="com.api.test.GETAPINoBDD"/>
  <testcase name="getUSerByParamsTest" classname="com.api.test.GETAPINoBDD">
    <skipped/>
  </testcase> <!-- getUSerByParamsTest -->
</testsuite> <!-- com.api.test.GETAPINoBDD -->
