<?xml version="1.0" encoding="UTF-8"?>
<!-- Generated by org.testng.reporters.JUnitReportReporter -->
<testsuite name="com.api.test.GETCallAPI" tests="1" time="4.713" ignored="2" failures="0" timestamp="14 Jan 2020 02:13:57 GMT" skipped="0" hostname="YASUs-MacBook-Pro.local" errors="0">
  <testcase name="getUserWithOneQueryParameterAPITest" time="4.713" classname="com.api.test.GETCallAPI"/>
  <testcase name="getSingleUserAPI" classname="com.api.test.GETCallAPI">
    <skipped/>
  </testcase> <!-- getSingleUserAPI -->
  <testcase name="getUserAPITest" classname="com.api.test.GETCallAPI">
    <skipped/>
  </testcase> <!-- getUserAPITest -->
</testsuite> <!-- com.api.test.GETCallAPI -->
