<?xml version="1.0" encoding="UTF-8"?>
<!-- Generated by org.testng.reporters.JUnitReportReporter -->
<testsuite name="AlertAware.api.test.Organizations" tests="1" time="2.005" ignored="14" failures="0" timestamp="14 May 2021 14:32:33 GMT" skipped="0" hostname="YASUs-MacBook-Pro.local" errors="0">
  <testcase name="deleteASpecificUserOrganizatiEntry" time="2.005" classname="AlertAware.api.test.Organizations"/>
  <testcase name="createANewUserOrganizationEntry" classname="AlertAware.api.test.Organizations">
    <skipped/>
  </testcase> <!-- createANewUserOrganizationEntry -->
  <testcase name="returnsAnOrganizationsDetailsOnASingleUUID" classname="AlertAware.api.test.Organizations">
    <skipped/>
  </testcase> <!-- returnsAnOrganizationsDetailsOnASingleUUID -->
  <testcase name="updateASpecificOrganizationDetailEntry" classname="AlertAware.api.test.Organizations">
    <skipped/>
  </testcase> <!-- updateASpecificOrganizationDetailEntry -->
  <testcase name="returnAllOrganizationDetailsEntries" classname="AlertAware.api.test.Organizations">
    <skipped/>
  </testcase> <!-- returnAllOrganizationDetailsEntries -->
  <testcase name="returnAllOrganizationsEntries" classname="AlertAware.api.test.Organizations">
    <skipped/>
  </testcase> <!-- returnAllOrganizationsEntries -->
  <testcase name="returnAnOrganizationBasedOnASingleUUID" classname="AlertAware.api.test.Organizations">
    <skipped/>
  </testcase> <!-- returnAnOrganizationBasedOnASingleUUID -->
  <testcase name="updateASpecificOrganizationEntry" classname="AlertAware.api.test.Organizations">
    <skipped/>
  </testcase> <!-- updateASpecificOrganizationEntry -->
  <testcase name="updateASpecificUserOrganizationEntry" classname="AlertAware.api.test.Organizations">
    <skipped/>
  </testcase> <!-- updateASpecificUserOrganizationEntry -->
  <testcase name="returnsAnUserOrganizationBasedOnASingleID" classname="AlertAware.api.test.Organizations">
    <skipped/>
  </testcase> <!-- returnsAnUserOrganizationBasedOnASingleID -->
  <testcase name="createANewOrganizationEntry" classname="AlertAware.api.test.Organizations">
    <skipped/>
  </testcase> <!-- createANewOrganizationEntry -->
  <testcase name="createANewOrganizationDetailEntry" classname="AlertAware.api.test.Organizations">
    <skipped/>
  </testcase> <!-- createANewOrganizationDetailEntry -->
  <testcase name="deleteASpecificOrganizationDetailEntry" classname="AlertAware.api.test.Organizations">
    <skipped/>
  </testcase> <!-- deleteASpecificOrganizationDetailEntry -->
  <testcase name="returnAllUserOrganizationEntries" classname="AlertAware.api.test.Organizations">
    <skipped/>
  </testcase> <!-- returnAllUserOrganizationEntries -->
  <testcase name="deleteASpecificOrganizationEntry" classname="AlertAware.api.test.Organizations">
    <skipped/>
  </testcase> <!-- deleteASpecificOrganizationEntry -->
</testsuite> <!-- AlertAware.api.test.Organizations -->
