<?xml version="1.0" encoding="UTF-8"?>
<!-- Generated by org.testng.reporters.JUnitReportReporter -->
<testsuite name="AlertAware.api.test.Notification" tests="1" time="2.044" ignored="6" failures="0" timestamp="11 May 2021 14:40:02 GMT" skipped="0" hostname="YASUs-MacBook-Pro.local" errors="0">
  <testcase name="returnsADeliveryMethodOnASingleID" time="2.044" classname="AlertAware.api.test.Notification"/>
  <testcase name="returnANotificationBasedOnASingleUUID" classname="AlertAware.api.test.Notification">
    <skipped/>
  </testcase> <!-- returnANotificationBasedOnASingleUUID -->
  <testcase name="returnAllDeliveryMethodsEntries" classname="AlertAware.api.test.Notification">
    <skipped/>
  </testcase> <!-- returnAllDeliveryMethodsEntries -->
  <testcase name="returnAllNotificationEntries" classname="AlertAware.api.test.Notification">
    <skipped/>
  </testcase> <!-- returnAllNotificationEntries -->
  <testcase name="updateASpecificNotificationEntry" classname="AlertAware.api.test.Notification">
    <skipped/>
  </testcase> <!-- updateASpecificNotificationEntry -->
  <testcase name="createANewNotificationEntry" classname="AlertAware.api.test.Notification">
    <skipped/>
  </testcase> <!-- createANewNotificationEntry -->
  <testcase name="deleteASpecificNotificationEntry" classname="AlertAware.api.test.Notification">
    <skipped/>
  </testcase> <!-- deleteASpecificNotificationEntry -->
</testsuite> <!-- AlertAware.api.test.Notification -->
